<?xml version="1.0" encoding="UTF-8"?>
<!-- Generated by org.testng.reporters.JUnitReportReporter -->
<testsuite hostname="LAPTOP-PGDI143N" failures="0" tests="1" name="testCases.TC002_LogInTest" time="1.573" errors="0" timestamp="2024-11-19T15:13:05 WAT" skipped="0">
  <testcase classname="testCases.TC002_LogInTest" name="verify_login" time="1.573"/>
</testsuite> <!-- testCases.TC002_LogInTest -->
