<?xml version="1.0" encoding="UTF-8"?>
<!-- Generated by org.testng.reporters.JUnitReportReporter -->
<testsuite hostname="LAPTOP-PGDI143N" failures="0" tests="1" name="testCases.TC003_AddProductToCartTest" time="1.541" errors="0" timestamp="2024-11-19T15:28:14 WAT" skipped="0">
  <testcase classname="testCases.TC003_AddProductToCartTest" name="verify_productAddedToCart" time="1.541"/>
</testsuite> <!-- testCases.TC003_AddProductToCartTest -->
