<?xml version="1.0" encoding="UTF-8"?>
<!-- Generated by org.testng.reporters.JUnitReportReporter -->
<testsuite hostname="LAPTOP-PGDI143N" failures="0" tests="1" name="testCases.TC004_CheckOutTest" time="19.066" errors="0" timestamp="2024-11-21T10:32:30 WAT" skipped="0">
  <testcase classname="testCases.TC004_CheckOutTest" name="verify_checkOut" time="19.066"/>
</testsuite> <!-- testCases.TC004_CheckOutTest -->
